🩺 The doctor is checking the health of your Storybook..
╭ Package storybook not found ───────────────────────────────────────────────────────────╮
│                                                                                        │
│   The storybook package was not found in your package.json.                            │
│   Installing storybook as a direct dev dependency in your package.json is required.    │
│                                                                                        │
╰────────────────────────────────────────────────────────────────────────────────────────╯
╭ Incompatible packages found ────────────────────────────────────────────────────────────────────────────────────────────────────────╮
│                                                                                                                                     │
│   The following packages are incompatible with Storybook 7.6.20 as they depend on different major versions of Storybook packages:   │
│   - @storybook/addon-onboarding@8.6.12                                                                                              │
│    Repo: https://github.com/storybookjs/storybook/tree/next/code/addons/onboarding                                                  │
│   - @storybook/builder-webpack5@8.6.12                                                                                              │
│    Repo: https://github.com/storybookjs/storybook/tree/next/code/builders/builder-webpack5                                          │
│   - @storybook/manager-webpack5@6.5.16                                                                                              │
│    Repo: https://github.com/storybookjs/storybook/tree/main/lib/core                                                                │
│                                                                                                                                     │
│                                                                                                                                     │
│   Please consider updating your packages or contacting the maintainers for compatibility details.                                   │
│   For more on Storybook 8 compatibility, see the linked GitHub issue:                                                               │
│   https://github.com/storybookjs/storybook/issues/26031                                                                             │
│                                                                                                                                     │
╰─────────────────────────────────────────────────────────────────────────────────────────────────────────────────────────────────────╯

You can always recheck the health of your project by running:
npx storybook doctor

Full logs are available in C:\Users\mcccol0923\published-packages\aiu-components\doctor-storybook.log

